1
3
6
10
15
21
28
36
45
55
66066
903
220116
1523385
494515
7140
28920
840456
1155960
560211
1183491
645816
43956
88831
786885
561270
6216
783126
291466
1398628
678030
503506
71631
194376
241860
1060696
1664400
1553203
9591
525825
1225
706266
156520
106953
1590436
795691
431056
578350
566580
266815
427350
1583310
1710325
283128
1142316
1666225
1671706
1644391
274911
332520
119316
50721
62481
130305
1629915
1065070
595
19900
1275
581581
215496
114003
581581
4186
730236
771903
19701
457446
51040
1969120
1203576
1407003
43071
120
134940
241860
743590
152076
496
1732591
1418770
5995
69751
142311
179101
4005
611065
1403650
217470
304590
